<?xml version="1.0" encoding="UTF-8"?>
<testsuite name="chromeWindowsLocal"
           tests="7"
           failures="2"
           errors="0"
           skipped="5"
           time="0.000">
  <properties />
            <testcase name="afterTest" time="0.000" classname="com.Mumms.scripts.Reports">
                <failure type="java.lang.NullPointerException"
                  message="(null)"
              >
<![CDATA[java.lang.NullPointerException
  com.automation.accelerators.TestEngineWeb.afterTest(TestEngineWeb.java:181)
  sun.reflect.NativeMethodAccessorImpl.invoke0(Native Method)
  sun.reflect.NativeMethodAccessorImpl.invoke(NativeMethodAccessorImpl.java:62)
  sun.reflect.DelegatingMethodAccessorImpl.invoke(DelegatingMethodAccessorImpl.java:43)
  java.lang.reflect.Method.invoke(Method.java:497)
  org.testng.internal.MethodInvocationHelper.invokeMethod(MethodInvocationHelper.java:85)
  org.testng.internal.Invoker.invokeConfigurationMethod(Invoker.java:510)
  org.testng.internal.Invoker.invokeConfigurations(Invoker.java:211)
  org.testng.internal.Invoker.invokeConfigurations(Invoker.java:138)
  org.testng.internal.TestMethodWorker.invokeAfterClassMethods(TestMethodWorker.java:220)
  org.testng.internal.TestMethodWorker.run(TestMethodWorker.java:111)
  org.testng.TestRunner.privateRun(TestRunner.java:773)
  org.testng.TestRunner.run(TestRunner.java:623)
  org.testng.SuiteRunner.runTest(SuiteRunner.java:357)
  org.testng.SuiteRunner.access$000(SuiteRunner.java:39)
  org.testng.SuiteRunner$SuiteWorker.run(SuiteRunner.java:391)
  org.testng.internal.thread.ThreadUtil$2.call(ThreadUtil.java:64)
  java.util.concurrent.FutureTask.run(FutureTask.java:266)
  java.util.concurrent.ThreadPoolExecutor.runWorker(ThreadPoolExecutor.java:1142)
  java.util.concurrent.ThreadPoolExecutor$Worker.run(ThreadPoolExecutor.java:617)
  java.lang.Thread.run(Thread.java:745)
]]>
      </failure>

          </testcase>
            <testcase name="beforeTest" time="0.000" classname="com.Mumms.scripts.Reports">
                <failure type="java.lang.IllegalStateException"
                  message="The driver executable does not exist: D:\usr\bin\google-chrome"
              >
<![CDATA[java.lang.IllegalStateException: The driver executable does not exist: D:\usr\bin\google-chrome
  com.google.common.base.Preconditions.checkState(Preconditions.java:200)
  org.openqa.selenium.remote.service.DriverService.checkExecutable(DriverService.java:121)
  org.openqa.selenium.remote.service.DriverService.findExecutable(DriverService.java:116)
  org.openqa.selenium.chrome.ChromeDriverService.access$000(ChromeDriverService.java:32)
  org.openqa.selenium.chrome.ChromeDriverService$Builder.findDefaultExecutable(ChromeDriverService.java:137)
  org.openqa.selenium.remote.service.DriverService$Builder.build(DriverService.java:296)
  org.openqa.selenium.chrome.ChromeDriverService.createDefaultService(ChromeDriverService.java:88)
  org.openqa.selenium.chrome.ChromeDriver.<init>(ChromeDriver.java:138)
  com.automation.accelerators.TestEngineWeb.setWebDriverForLocal(TestEngineWeb.java:255)
  com.automation.accelerators.TestEngineWeb.beforeTest(TestEngineWeb.java:133)
  sun.reflect.NativeMethodAccessorImpl.invoke0(Native Method)
  sun.reflect.NativeMethodAccessorImpl.invoke(NativeMethodAccessorImpl.java:62)
  sun.reflect.DelegatingMethodAccessorImpl.invoke(DelegatingMethodAccessorImpl.java:43)
  java.lang.reflect.Method.invoke(Method.java:497)
  org.testng.internal.MethodInvocationHelper.invokeMethod(MethodInvocationHelper.java:85)
  org.testng.internal.Invoker.invokeConfigurationMethod(Invoker.java:510)
  org.testng.internal.Invoker.invokeConfigurations(Invoker.java:211)
  org.testng.internal.Invoker.invokeConfigurations(Invoker.java:138)
  org.testng.internal.TestMethodWorker.invokeBeforeClassMethods(TestMethodWorker.java:170)
  org.testng.internal.TestMethodWorker.run(TestMethodWorker.java:104)
  org.testng.TestRunner.privateRun(TestRunner.java:773)
  org.testng.TestRunner.run(TestRunner.java:623)
  org.testng.SuiteRunner.runTest(SuiteRunner.java:357)
  org.testng.SuiteRunner.access$000(SuiteRunner.java:39)
  org.testng.SuiteRunner$SuiteWorker.run(SuiteRunner.java:391)
  org.testng.internal.thread.ThreadUtil$2.call(ThreadUtil.java:64)
  java.util.concurrent.FutureTask.run(FutureTask.java:266)
  java.util.concurrent.ThreadPoolExecutor.runWorker(ThreadPoolExecutor.java:1142)
  java.util.concurrent.ThreadPoolExecutor$Worker.run(ThreadPoolExecutor.java:617)
  java.lang.Thread.run(Thread.java:745)
]]>
      </failure>

          </testcase>
  
            <testcase name="logOut" time="0.0" classname="com.Mumms.scripts.Reports">
          <skipped />
    </testcase>
            <testcase name="afterMethod" time="0.0" classname="com.Mumms.scripts.Reports">
          <skipped />
    </testcase>
            <testcase name="beforeMethod" time="0.0" classname="com.Mumms.scripts.Reports">
          <skipped />
    </testcase>
            <testcase name="login" time="0.0" classname="com.Mumms.scripts.Reports">
          <skipped />
    </testcase>
            <testcase name="testGenerateVisitReport" time="0.0" classname="com.Mumms.scripts.Reports">
          <skipped />
    </testcase>
  
  
</testsuite>
